<?xml version="1.0" encoding="UTF-8"?>
<!-- Generated by org.testng.reporters.JUnitReportReporter -->
<testsuite hostname="Renu" failures="0" tests="1" name="testcases.CreatePortfolioTest" time="56.939" errors="0" timestamp="2021-12-31T18:35:15 IST" skipped="0">
  <testcase classname="testcases.CreatePortfolioTest" name="createPortFolioTest" time="56.939"/>
  <system-out/>
</testsuite> <!-- testcases.CreatePortfolioTest -->
