<?xml version="1.0" encoding="UTF-8"?>
<!-- Generated by org.testng.reporters.JUnitReportReporter -->
<testsuite hostname="Renu" failures="0" tests="2" name="testcases.rediff.StockManagement" time="20.568" errors="0" timestamp="2022-01-21T23:18:29 IST" skipped="0">
  <testcase classname="testcases.rediff.StockManagement" name="modifyStock" time="17.726"/>
  <system-out/>
  <testcase classname="testcases.rediff.StockManagement" name="verifyStockInList" time="2.842"/>
  <system-out/>
</testsuite> <!-- testcases.rediff.StockManagement -->
