<?xml version="1.0" encoding="UTF-8"?>
<!-- Generated by org.testng.reporters.JUnitReportReporter -->
<testsuite hostname="DESKTOP-HMKMG6M" failures="0" tests="2" name="testcases.ClassA" time="4.031" errors="0" timestamp="2022-11-26T18:05:01 IST" skipped="0">
  <testcase classname="testcases.ClassA" name="AA" time="4.028"/>
  <system-out/>
  <testcase classname="testcases.ClassA" name="init2" time="0.003"/>
  <system-out/>
</testsuite> <!-- testcases.ClassA -->
