<?xml version="1.0" encoding="UTF-8"?>
<!-- Generated by org.testng.reporters.JUnitReportReporter -->
<testsuite hostname="DESKTOP-HMKMG6M" failures="0" tests="1" name="testcases.ClassB" time="4.037" errors="0" timestamp="2022-11-26T11:11:50 IST" skipped="0">
  <testcase classname="testcases.ClassB" name="BB" time="4.037"/>
  <system-out/>
</testsuite> <!-- testcases.ClassB -->
