<?xml version="1.0" encoding="UTF-8"?>
<!-- Generated by org.testng.reporters.JUnitReportReporter -->
<testsuite hostname="DESKTOP-HMKMG6M" failures="0" tests="3" name="testcases.LoginTest" time="55.682" errors="0" timestamp="2022-12-09T22:22:40 IST" skipped="2">
  <testcase classname="testcases.LoginTest" name="loginTest" time="3.017">
    <skipped/>
  </testcase> <!-- loginTest -->
  <system-out/>
  <testcase classname="testcases.LoginTest" name="loginTest" time="52.506"/>
  <system-out/>
  <testcase classname="testcases.LoginTest" name="loginTest" time="0.159">
    <skipped/>
  </testcase> <!-- loginTest -->
  <system-out/>
</testsuite> <!-- testcases.LoginTest -->
