<?xml version="1.0" encoding="UTF-8"?>
<!-- Generated by org.testng.reporters.JUnitReportReporter -->
<testsuite hostname="DESKTOP-HMKMG6M" failures="0" tests="1" name="testcases.ClassC" time="4.020" errors="0" timestamp="2022-11-26T11:11:50 IST" skipped="0">
  <testcase classname="testcases.ClassC" name="CC" time="4.020"/>
  <system-out/>
</testsuite> <!-- testcases.ClassC -->
