<?xml version="1.0" encoding="UTF-8"?>
<!-- Generated by org.testng.reporters.JUnitReportReporter -->
<testsuite hostname="Renu" failures="0" tests="1" name="runner.MyRunner" time="29.204" errors="0" timestamp="2022-02-22T20:52:39 IST" skipped="0">
  <testcase classname="runner.MyRunner" name="runScenario" time="29.204"/>
  <system-out/>
</testsuite> <!-- runner.MyRunner -->
