<?xml version="1.0" encoding="UTF-8"?>
<!-- Generated by org.testng.reporters.JUnitReportReporter -->
<testsuite hostname="DESKTOP-HMKMG6M" failures="0" tests="1" name="zoho.runner.MyRunner" time="15.932" errors="0" timestamp="2023-03-15T20:34:19 IST" skipped="0">
  <testcase classname="zoho.runner.MyRunner" name="runScenario" time="15.932"/>
  <system-out/>
</testsuite> <!-- zoho.runner.MyRunner -->
