<?xml version="1.0" encoding="UTF-8"?>
<!-- Generated by org.testng.reporters.JUnitReportReporter -->
<testsuite hostname="Renu" failures="0" tests="5" name="spotify.oauth2.tests.PlaylistTests" time="11.435" errors="0" timestamp="2022-03-20T18:43:16 IST" skipped="0">
  <testcase classname="spotify.oauth2.tests.PlaylistTests" name="shouldbeabletogetPlaylist" time="0.364"/>
  <system-out/>
  <testcase classname="spotify.oauth2.tests.PlaylistTests" name="shouldbeabletoCreatePlaylist" time="10.170"/>
  <system-out/>
  <testcase classname="spotify.oauth2.tests.PlaylistTests" name="updatePlaylist" time="0.321"/>
  <system-out/>
  <testcase classname="spotify.oauth2.tests.PlaylistTests" name="shouldnotbeabletocreatePlaylistwithoutName" time="0.323"/>
  <system-out/>
  <testcase classname="spotify.oauth2.tests.PlaylistTests" name="shouldnotbeabletocreatewithwrongToken" time="0.257"/>
  <system-out/>
</testsuite> <!-- spotify.oauth2.tests.PlaylistTests -->
