<?xml version="1.0" encoding="UTF-8"?>
<!-- Generated by org.testng.reporters.JUnitReportReporter -->
<testsuite hostname="DESKTOP-HMKMG6M" failures="0" tests="3" name="com.zoho.suitea.TestClassA" time="6.067" errors="0" timestamp="2022-12-13T11:11:45 IST" skipped="0">
  <testcase classname="com.zoho.suitea.TestClassA" name="AA" time="2.008"/>
  <system-out/>
  <testcase classname="com.zoho.suitea.TestClassA" name="AAA" time="2.029"/>
  <system-out/>
  <testcase classname="com.zoho.suitea.TestClassA" name="A" time="2.030"/>
  <system-out/>
</testsuite> <!-- com.zoho.suitea.TestClassA -->
