<?xml version="1.0" encoding="UTF-8"?>
<!-- Generated by org.testng.reporters.JUnitReportReporter -->
<testsuite hostname="DESKTOP-HMKMG6M" failures="0" tests="2" name="com.zoho.suitea.TestClassC" time="2.011" errors="0" timestamp="2022-12-13T11:11:45 IST" skipped="0">
  <testcase classname="com.zoho.suitea.TestClassC" name="CC" time="1.005"/>
  <system-out/>
  <testcase classname="com.zoho.suitea.TestClassC" name="C" time="1.006"/>
  <system-out/>
</testsuite> <!-- com.zoho.suitea.TestClassC -->
