<?xml version="1.0" encoding="UTF-8"?>
<!-- Generated by org.testng.reporters.JUnitReportReporter -->
<testsuite hostname="DESKTOP-HMKMG6M" failures="0" tests="1" name="com.zoho.suitea.TestClassD" time="1.007" errors="0" timestamp="2022-12-13T11:11:45 IST" skipped="0">
  <testcase classname="com.zoho.suitea.TestClassD" name="D" time="1.007"/>
  <system-out/>
</testsuite> <!-- com.zoho.suitea.TestClassD -->
