<?xml version="1.0" encoding="UTF-8"?>
<!-- Generated by org.testng.reporters.JUnitReportReporter -->
<testsuite hostname="DESKTOP-HMKMG6M" failures="0" tests="2" name="com.zoho.suiteb.TestClassB" time="4.020" errors="0" timestamp="2022-12-13T11:11:45 IST" skipped="0">
  <testcase classname="com.zoho.suiteb.TestClassB" name="BB" time="2.007"/>
  <system-out/>
  <testcase classname="com.zoho.suiteb.TestClassB" name="B" time="2.013"/>
  <system-out/>
</testsuite> <!-- com.zoho.suiteb.TestClassB -->
