<?xml version="1.0" encoding="UTF-8"?>
<!-- Generated by org.testng.reporters.JUnitReportReporter -->
<testsuite hostname="DESKTOP-HMKMG6M" failures="0" tests="3" name="testcases.LoginTest" time="36.097" errors="0" timestamp="2022-12-13T10:34:11 IST" skipped="2">
  <testcase classname="testcases.LoginTest" name="loginTest" time="5.123">
    <skipped/>
  </testcase> <!-- loginTest -->
  <system-out/>
  <testcase classname="testcases.LoginTest" name="loginTest" time="30.236"/>
  <system-out/>
  <testcase classname="testcases.LoginTest" name="loginTest" time="0.738">
    <skipped/>
  </testcase> <!-- loginTest -->
  <system-out/>
</testsuite> <!-- testcases.LoginTest -->
